1: 0 2: 1033 3: 1252 
=== Logging started: 2023. 12. 09.  4:59:06 ===
Message type: 0, Argument: 1033, 1252
Message type: 1, Argument: Microsoft Visual C++ 2019 X64 Minimum Runtime - 14.28.29914
Action 4:59:06: INSTALL. 
Action start 4:59:06: INSTALL.
1: 0 2: 1033 3: 1252 
1: 0 2: 1033 3: 1252 
=== Logging started: 2023. 12. 09.  4:59:06 ===
Message type: 0, Argument: 1033, 1252
Message type: 1, Argument: Microsoft Visual C++ 2019 X64 Minimum Runtime - 14.28.29914
Action 4:59:06: INSTALL. 
Action start 4:59:06: INSTALL.
1: Microsoft Visual C++ 2019 X64 Minimum Runtime - 14.28.29914 2: {455DF12C-7D43-4EFF-AE2F-43C8AF2817A3} 
Action 4:59:06: FindRelatedProducts. Searching for related applications
Action start 4:59:06: FindRelatedProducts.
Action ended 4:59:06: FindRelatedProducts. Return value 1.
Action 4:59:06: LaunchConditions. Evaluating launch conditions
Action start 4:59:06: LaunchConditions.
Action ended 4:59:06: LaunchConditions. Return value 1.
Action 4:59:06: ValidateProductID. 
Action start 4:59:06: ValidateProductID.
Action ended 4:59:06: ValidateProductID. Return value 1.
Action 4:59:06: CostInitialize. Computing space requirements
Action start 4:59:06: CostInitialize.
Action ended 4:59:06: CostInitialize. Return value 1.
Action 4:59:06: FileCost. Computing space requirements
Action start 4:59:06: FileCost.
Action ended 4:59:06: FileCost. Return value 1.
Action 4:59:06: CostFinalize. Computing space requirements
Action start 4:59:06: CostFinalize.
Action ended 4:59:06: CostFinalize. Return value 1.
Action 4:59:06: InstallValidate. Validating install
Action start 4:59:06: InstallValidate.
Action ended 4:59:06: InstallValidate. Return value 1.
Action 4:59:06: InstallInitialize. 
Action start 4:59:06: InstallInitialize.
Action ended 4:59:06: InstallInitialize. Return value 1.
Action 4:59:06: RemoveExistingProducts. Removing applications
Action start 4:59:06: RemoveExistingProducts.
Action ended 4:59:06: RemoveExistingProducts. Return value 1.
Action 4:59:06: ProcessComponents. Updating component registration
Action start 4:59:06: ProcessComponents.
Action ended 4:59:06: ProcessComponents. Return value 1.
Action 4:59:06: UnpublishFeatures. Unpublishing Product Features
Action start 4:59:06: UnpublishFeatures.
Action ended 4:59:06: UnpublishFeatures. Return value 1.
Action 4:59:06: RemoveRegistryValues. Removing system registry values
Action start 4:59:06: RemoveRegistryValues.
Action ended 4:59:06: RemoveRegistryValues. Return value 1.
Action 4:59:06: RemoveFiles. Removing files
Action start 4:59:06: RemoveFiles.
Action ended 4:59:06: RemoveFiles. Return value 1.
Action 4:59:06: InstallFiles. Copying new files
Action start 4:59:06: InstallFiles.
Action ended 4:59:06: InstallFiles. Return value 1.
Action 4:59:06: WriteRegistryValues. Writing system registry values
Action start 4:59:06: WriteRegistryValues.
Action ended 4:59:06: WriteRegistryValues. Return value 1.
Action 4:59:06: RegisterUser. Registering user
Action start 4:59:06: RegisterUser.
Action ended 4:59:06: RegisterUser. Return value 1.
Action 4:59:06: RegisterProduct. Registering product
Action start 4:59:06: RegisterProduct.
Action ended 4:59:06: RegisterProduct. Return value 1.
Action 4:59:06: PublishFeatures. Publishing Product Features
Action start 4:59:06: PublishFeatures.
Action ended 4:59:06: PublishFeatures. Return value 1.
Action 4:59:06: PublishProduct. Publishing product information
Action start 4:59:06: PublishProduct.
Action ended 4:59:06: PublishProduct. Return value 1.
Action 4:59:06: InstallFinalize. 
Action start 4:59:06: InstallFinalize.
Action 4:59:06: ProcessComponents. Updating component registration
Action start 4:59:06: ProcessComponents.
1: {455DF12C-7D43-4EFF-AE2F-43C8AF2817A3} 2: {3639FCCA-5969-316D-AC18-E0C6B2B532E9} 3: 02:\SOFTWARE\Microsoft\VisualStudio\14.0\VC\Runtimes\X64\Version 
1: {455DF12C-7D43-4EFF-AE2F-43C8AF2817A3} 2: {D2959D22-4DB7-32AF-A1B0-8405C4221749} 3: 02:\SOFTWARE\Microsoft\VisualStudio\14.0\VC\Runtimes\X64\Version 
1: {455DF12C-7D43-4EFF-AE2F-43C8AF2817A3} 2: {03C1EACE-7E47-3142-A7E7-F36508D02BD1} 3:  
1: {455DF12C-7D43-4EFF-AE2F-43C8AF2817A3} 2: {B33258FD-750C-3B42-8BE4-535B48E97DB4} 3: C:\windows\system32\vcruntime140.dll 
1: {455DF12C-7D43-4EFF-AE2F-43C8AF2817A3} 2: {2427B123-F132-4F0B-A958-50F7CDFCAA56} 3: C:\windows\system32\vcruntime140_1.dll 
1: {455DF12C-7D43-4EFF-AE2F-43C8AF2817A3} 2: {22824972-0C4A-31B4-AEEF-9FC7596F1305} 3: C:\windows\system32\msvcp140.dll 
1: {455DF12C-7D43-4EFF-AE2F-43C8AF2817A3} 2: {6713558D-DE1F-373C-A12D-BAE9004657F9} 3: C:\windows\system32\msvcp140_1.dll 
1: {455DF12C-7D43-4EFF-AE2F-43C8AF2817A3} 2: {AD0439C6-DC3D-3A2C-AF38-B22083D8639F} 3: C:\windows\system32\msvcp140_2.dll 
1: {455DF12C-7D43-4EFF-AE2F-43C8AF2817A3} 2: {F8DFE2DF-F4E5-4845-9828-2849C685A91B} 3: C:\windows\system32\msvcp140_atomic_wait.dll 
1: {455DF12C-7D43-4EFF-AE2F-43C8AF2817A3} 2: {61413AE1-024F-4854-B8D8-1D2EF801EC21} 3: C:\windows\system32\msvcp140_codecvt_ids.dll 
1: {455DF12C-7D43-4EFF-AE2F-43C8AF2817A3} 2: {35B5C1D2-EB5B-3569-83EB-78E34F5C3254} 3: C:\windows\system32\concrt140.dll 
1: {455DF12C-7D43-4EFF-AE2F-43C8AF2817A3} 2: {D227D7DF-D9F8-33AF-B935-4BF2F47F2EA4} 3: C:\windows\system32\vccorlib140.dll 
1: {455DF12C-7D43-4EFF-AE2F-43C8AF2817A3} 2: {7050289E-BECF-32C7-89DC-08C4480E482B} 3: C:\windows\system32\vcamp140.dll 
1: {455DF12C-7D43-4EFF-AE2F-43C8AF2817A3} 2: {F5E98D96-3C7F-37D7-821F-E4BB03D4384B} 3: C:\windows\system32\vcomp140.dll 
1: {455DF12C-7D43-4EFF-AE2F-43C8AF2817A3} 2: {EA0D3A76-AE46-3F46-B94D-309D5097A125} 3: 02:\SOFTWARE\Microsoft\DevDiv\VC\Servicing\14.0\SP 
1: {455DF12C-7D43-4EFF-AE2F-43C8AF2817A3} 2: {38F26AF8-73D2-34A5-9BB3-83CE1900A2AE} 3: 02:\SOFTWARE\Microsoft\DevDiv\VC\Servicing\14.0\RuntimeMinimum\Install 
1: {455DF12C-7D43-4EFF-AE2F-43C8AF2817A3} 2: {04D1E303-8E0F-36D1-BC1F-E27EE209198A} 3: 02:\SOFTWARE\Microsoft\DevDiv\VC\Servicing\14.0\SP 
1: {455DF12C-7D43-4EFF-AE2F-43C8AF2817A3} 2: {F53F2531-272C-39F4-9C5B-312B318B91E5} 3: 02:\SOFTWARE\Microsoft\DevDiv\VC\Servicing\14.0\RuntimeMinimum\Install 
1: {455DF12C-7D43-4EFF-AE2F-43C8AF2817A3} 2: {31FF3687-EC05-3A6B-A8CE-ADD81BF1506E} 3: -1:\Software\Classes\Installer\Dependencies\Microsoft.VS.VC_RuntimeMinimumVSU_amd64,v14\Version 
Action ended 4:59:06: ProcessComponents. Return value 1.
Action 4:59:06: UnpublishFeatures. Unpublishing Product Features
Action start 4:59:06: UnpublishFeatures.
Action ended 4:59:06: UnpublishFeatures. Return value 1.
Action 4:59:06: RemoveRegistryValues. Removing system registry values
Action start 4:59:06: RemoveRegistryValues.
Action ended 4:59:06: RemoveRegistryValues. Return value 1.
Action 4:59:06: RemoveFiles. Removing files
Action start 4:59:06: RemoveFiles.
File: api-ms-win-core-console-l1-1-0.dll, Directory: System64Folder
File: api-ms-win-core-datetime-l1-1-0.dll, Directory: System64Folder
File: api-ms-win-core-debug-l1-1-0.dll, Directory: System64Folder
File: api-ms-win-core-errorhandling-l1-1-0.dll, Directory: System64Folder
File: api-ms-win-core-file-l1-1-0.dll, Directory: System64Folder
File: api-ms-win-core-file-l1-2-0.dll, Directory: System64Folder
File: api-ms-win-core-file-l2-1-0.dll, Directory: System64Folder
File: api-ms-win-core-handle-l1-1-0.dll, Directory: System64Folder
File: api-ms-win-core-heap-l1-1-0.dll, Directory: System64Folder
File: api-ms-win-core-interlocked-l1-1-0.dll, Directory: System64Folder
File: api-ms-win-core-libraryloader-l1-1-0.dll, Directory: System64Folder
File: api-ms-win-core-localization-l1-2-0.dll, Directory: System64Folder
File: api-ms-win-core-memory-l1-1-0.dll, Directory: System64Folder
File: api-ms-win-core-namedpipe-l1-1-0.dll, Directory: System64Folder
File: api-ms-win-core-processenvironment-l1-1-0.dll, Directory: System64Folder
File: api-ms-win-core-processthreads-l1-1-0.dll, Directory: System64Folder
File: api-ms-win-core-processthreads-l1-1-1.dll, Directory: System64Folder
File: api-ms-win-core-profile-l1-1-0.dll, Directory: System64Folder
File: api-ms-win-core-rtlsupport-l1-1-0.dll, Directory: System64Folder
File: api-ms-win-core-string-l1-1-0.dll, Directory: System64Folder
File: api-ms-win-core-synch-l1-1-0.dll, Directory: System64Folder
File: api-ms-win-core-synch-l1-2-0.dll, Directory: System64Folder
File: api-ms-win-core-sysinfo-l1-1-0.dll, Directory: System64Folder
File: api-ms-win-core-timezone-l1-1-0.dll, Directory: System64Folder
File: api-ms-win-core-util-l1-1-0.dll, Directory: System64Folder
File: api-ms-win-crt-conio-l1-1-0.dll, Directory: System64Folder
File: api-ms-win-crt-convert-l1-1-0.dll, Directory: System64Folder
File: api-ms-win-crt-environment-l1-1-0.dll, Directory: System64Folder
File: api-ms-win-crt-filesystem-l1-1-0.dll, Directory: System64Folder
File: api-ms-win-crt-heap-l1-1-0.dll, Directory: System64Folder
File: api-ms-win-crt-locale-l1-1-0.dll, Directory: System64Folder
File: api-ms-win-crt-math-l1-1-0.dll, Directory: System64Folder
File: api-ms-win-crt-multibyte-l1-1-0.dll, Directory: System64Folder
File: api-ms-win-crt-private-l1-1-0.dll, Directory: System64Folder
File: api-ms-win-crt-process-l1-1-0.dll, Directory: System64Folder
File: api-ms-win-crt-runtime-l1-1-0.dll, Directory: System64Folder
File: api-ms-win-crt-stdio-l1-1-0.dll, Directory: System64Folder
File: api-ms-win-crt-string-l1-1-0.dll, Directory: System64Folder
File: api-ms-win-crt-time-l1-1-0.dll, Directory: System64Folder
File: api-ms-win-crt-utility-l1-1-0.dll, Directory: System64Folder
File: concrt140.dll, Directory: System64Folder
File: msvcp140.dll, Directory: System64Folder
File: msvcp140_1.dll, Directory: System64Folder
File: msvcp140_2.dll, Directory: System64Folder
File: msvcp140_atomic_wait.dll, Directory: System64Folder
File: msvcp140_codecvt_ids.dll, Directory: System64Folder
File: ucrtbase.dll, Directory: System64Folder
File: vcamp140.dll, Directory: System64Folder
File: vccorlib140.dll, Directory: System64Folder
File: vcomp140.dll, Directory: System64Folder
File: vcruntime140.dll, Directory: System64Folder
File: vcruntime140_1.dll, Directory: System64Folder
Action ended 4:59:06: RemoveFiles. Return value 1.
Action 4:59:06: InstallFiles. Copying new files
Action start 4:59:06: InstallFiles.
File: api-ms-win-core-console-l1-1-0.dll,  Directory: System64Folder,  Size: 12680
File: api-ms-win-core-datetime-l1-1-0.dll,  Directory: System64Folder,  Size: 12168
File: api-ms-win-core-debug-l1-1-0.dll,  Directory: System64Folder,  Size: 12152
File: api-ms-win-core-errorhandling-l1-1-0.dll,  Directory: System64Folder,  Size: 12152
File: api-ms-win-core-file-l1-1-0.dll,  Directory: System64Folder,  Size: 15736
File: api-ms-win-core-file-l1-2-0.dll,  Directory: System64Folder,  Size: 12168
File: api-ms-win-core-file-l2-1-0.dll,  Directory: System64Folder,  Size: 12152
File: api-ms-win-core-handle-l1-1-0.dll,  Directory: System64Folder,  Size: 12168
File: api-ms-win-core-heap-l1-1-0.dll,  Directory: System64Folder,  Size: 12680
File: api-ms-win-core-interlocked-l1-1-0.dll,  Directory: System64Folder,  Size: 12168
File: api-ms-win-core-libraryloader-l1-1-0.dll,  Directory: System64Folder,  Size: 12664
File: api-ms-win-core-localization-l1-2-0.dll,  Directory: System64Folder,  Size: 14728
File: api-ms-win-core-memory-l1-1-0.dll,  Directory: System64Folder,  Size: 12664
File: api-ms-win-core-namedpipe-l1-1-0.dll,  Directory: System64Folder,  Size: 12168
File: api-ms-win-core-processenvironment-l1-1-0.dll,  Directory: System64Folder,  Size: 13192
File: api-ms-win-core-processthreads-l1-1-0.dll,  Directory: System64Folder,  Size: 14200
File: api-ms-win-core-processthreads-l1-1-1.dll,  Directory: System64Folder,  Size: 12672
File: api-ms-win-core-profile-l1-1-0.dll,  Directory: System64Folder,  Size: 11656
File: api-ms-win-core-rtlsupport-l1-1-0.dll,  Directory: System64Folder,  Size: 12664
File: api-ms-win-core-string-l1-1-0.dll,  Directory: System64Folder,  Size: 12152
File: api-ms-win-core-synch-l1-1-0.dll,  Directory: System64Folder,  Size: 14216
File: api-ms-win-core-synch-l1-2-0.dll,  Directory: System64Folder,  Size: 12672
File: api-ms-win-core-sysinfo-l1-1-0.dll,  Directory: System64Folder,  Size: 13176
File: api-ms-win-core-timezone-l1-1-0.dll,  Directory: System64Folder,  Size: 12152
File: api-ms-win-core-util-l1-1-0.dll,  Directory: System64Folder,  Size: 12168
File: api-ms-win-crt-conio-l1-1-0.dll,  Directory: System64Folder,  Size: 13192
File: api-ms-win-crt-convert-l1-1-0.dll,  Directory: System64Folder,  Size: 16248
File: api-ms-win-crt-environment-l1-1-0.dll,  Directory: System64Folder,  Size: 12664
File: api-ms-win-crt-filesystem-l1-1-0.dll,  Directory: System64Folder,  Size: 14200
File: api-ms-win-crt-heap-l1-1-0.dll,  Directory: System64Folder,  Size: 13176
File: api-ms-win-crt-locale-l1-1-0.dll,  Directory: System64Folder,  Size: 12664
File: api-ms-win-crt-math-l1-1-0.dll,  Directory: System64Folder,  Size: 21384
File: api-ms-win-crt-multibyte-l1-1-0.dll,  Directory: System64Folder,  Size: 20344
File: api-ms-win-crt-private-l1-1-0.dll,  Directory: System64Folder,  Size: 64376
File: api-ms-win-crt-process-l1-1-0.dll,  Directory: System64Folder,  Size: 13192
File: api-ms-win-crt-runtime-l1-1-0.dll,  Directory: System64Folder,  Size: 16776
File: api-ms-win-crt-stdio-l1-1-0.dll,  Directory: System64Folder,  Size: 18312
File: api-ms-win-crt-string-l1-1-0.dll,  Directory: System64Folder,  Size: 18304
File: api-ms-win-crt-time-l1-1-0.dll,  Directory: System64Folder,  Size: 14712
File: api-ms-win-crt-utility-l1-1-0.dll,  Directory: System64Folder,  Size: 12664
File: concrt140.dll,  Directory: System64Folder,  Size: 309128
File: msvcp140.dll,  Directory: System64Folder,  Size: 564112
File: msvcp140_1.dll,  Directory: System64Folder,  Size: 23928
File: msvcp140_2.dll,  Directory: System64Folder,  Size: 185720
File: msvcp140_atomic_wait.dll,  Directory: System64Folder,  Size: 41352
File: msvcp140_codecvt_ids.dll,  Directory: System64Folder,  Size: 20368
File: ucrtbase.dll,  Directory: System64Folder,  Size: 986504
File: vcamp140.dll,  Directory: System64Folder,  Size: 394640
File: vccorlib140.dll,  Directory: System64Folder,  Size: 331128
File: vcomp140.dll,  Directory: System64Folder,  Size: 177552
File: vcruntime140.dll,  Directory: System64Folder,  Size: 96120
File: vcruntime140_1.dll,  Directory: System64Folder,  Size: 36728
Action ended 4:59:06: InstallFiles. Return value 1.
Action 4:59:06: WriteRegistryValues. Writing system registry values
Action start 4:59:06: WriteRegistryValues.
Key: HKEY_LOCAL_MACHINE\SOFTWARE\Microsoft\VisualStudio\14.0\VC\Runtimes\X64, Name: Version, Value: v14.28.29914.00
Key: HKEY_LOCAL_MACHINE\SOFTWARE\Microsoft\VisualStudio\14.0\VC\Runtimes\X64, Name: Version, Value: v14.28.29914.00
Key: HKEY_LOCAL_MACHINE\SOFTWARE\Microsoft\DevDiv\VC\Servicing\14.0, Name: SP, Value: 
Key: HKEY_LOCAL_MACHINE\SOFTWARE\Microsoft\DevDiv\VC\Servicing\14.0\RuntimeMinimum, Name: Install, Value: 
Key: HKEY_LOCAL_MACHINE\SOFTWARE\Microsoft\DevDiv\VC\Servicing\14.0, Name: SP, Value: 
Key: HKEY_LOCAL_MACHINE\SOFTWARE\Microsoft\DevDiv\VC\Servicing\14.0\RuntimeMinimum, Name: Install, Value: 
Key: HKEY_LOCAL_MACHINE\Software\Classes\Installer\Dependencies\Microsoft.VS.VC_RuntimeMinimumVSU_amd64,v14, Name: Version, Value: 14.28.29914
Key: HKEY_LOCAL_MACHINE\SOFTWARE\Microsoft\VisualStudio\14.0\VC\Runtimes\X64, Name: Installed, Value: 
Key: HKEY_LOCAL_MACHINE\SOFTWARE\Microsoft\VisualStudio\14.0\VC\Runtimes\X64, Name: Major, Value: 
Key: HKEY_LOCAL_MACHINE\SOFTWARE\Microsoft\VisualStudio\14.0\VC\Runtimes\X64, Name: Minor, Value: 
Key: HKEY_LOCAL_MACHINE\SOFTWARE\Microsoft\VisualStudio\14.0\VC\Runtimes\X64, Name: Bld, Value: 
Key: HKEY_LOCAL_MACHINE\SOFTWARE\Microsoft\VisualStudio\14.0\VC\Runtimes\X64, Name: Rbld, Value: 
Key: HKEY_LOCAL_MACHINE\SOFTWARE\Microsoft\VisualStudio\14.0\VC\Runtimes\X64, Name: Installed, Value: 
Key: HKEY_LOCAL_MACHINE\SOFTWARE\Microsoft\VisualStudio\14.0\VC\Runtimes\X64, Name: Major, Value: 
Key: HKEY_LOCAL_MACHINE\SOFTWARE\Microsoft\VisualStudio\14.0\VC\Runtimes\X64, Name: Minor, Value: 
Key: HKEY_LOCAL_MACHINE\SOFTWARE\Microsoft\VisualStudio\14.0\VC\Runtimes\X64, Name: Bld, Value: 
Key: HKEY_LOCAL_MACHINE\SOFTWARE\Microsoft\VisualStudio\14.0\VC\Runtimes\X64, Name: Rbld, Value: 
Key: HKEY_LOCAL_MACHINE\SOFTWARE\Microsoft\DevDiv\VC\Servicing\14.0, Name: SPIndex, Value: 
Key: HKEY_LOCAL_MACHINE\SOFTWARE\Microsoft\DevDiv\VC\Servicing\14.0\RuntimeMinimum, Name: InstallerType, Value: MSI
Key: HKEY_LOCAL_MACHINE\SOFTWARE\Microsoft\DevDiv\VC\Servicing\14.0\RuntimeMinimum, Name: SP, Value: 
Key: HKEY_LOCAL_MACHINE\SOFTWARE\Microsoft\DevDiv\VC\Servicing\14.0\RuntimeMinimum, Name: SPIndex, Value: 
Key: HKEY_LOCAL_MACHINE\SOFTWARE\Microsoft\DevDiv\VC\Servicing\14.0\RuntimeMinimum, Name: SPName, Value: RTM
Key: HKEY_LOCAL_MACHINE\SOFTWARE\Microsoft\DevDiv\VC\Servicing\14.0\RuntimeMinimum, Name: Version, Value: 14.28.29914
Key: HKEY_LOCAL_MACHINE\SOFTWARE\Microsoft\DevDiv\VC\Servicing\14.0\RuntimeMinimum, Name: UpdateVersion, Value: 14.28.29914
Key: HKEY_LOCAL_MACHINE\SOFTWARE\Microsoft\DevDiv\VC\Servicing\14.0, Name: SPIndex, Value: 
Key: HKEY_LOCAL_MACHINE\SOFTWARE\Microsoft\DevDiv\VC\Servicing\14.0\RuntimeMinimum, Name: InstallerType, Value: MSI
Key: HKEY_LOCAL_MACHINE\SOFTWARE\Microsoft\DevDiv\VC\Servicing\14.0\RuntimeMinimum, Name: SP, Value: 
Key: HKEY_LOCAL_MACHINE\SOFTWARE\Microsoft\DevDiv\VC\Servicing\14.0\RuntimeMinimum, Name: SPIndex, Value: 
Key: HKEY_LOCAL_MACHINE\SOFTWARE\Microsoft\DevDiv\VC\Servicing\14.0\RuntimeMinimum, Name: SPName, Value: RTM
Key: HKEY_LOCAL_MACHINE\SOFTWARE\Microsoft\DevDiv\VC\Servicing\14.0\RuntimeMinimum, Name: Version, Value: 14.28.29914
Key: HKEY_LOCAL_MACHINE\SOFTWARE\Microsoft\DevDiv\VC\Servicing\14.0\RuntimeMinimum, Name: UpdateVersion, Value: 14.28.29914
Key: HKEY_LOCAL_MACHINE\Software\Classes\Installer\Dependencies\Microsoft.VS.VC_RuntimeMinimumVSU_amd64,v14, Name: , Value: {455DF12C-7D43-4EFF-AE2F-43C8AF2817A3}
Key: HKEY_LOCAL_MACHINE\Software\Classes\Installer\Dependencies\Microsoft.VS.VC_RuntimeMinimumVSU_amd64,v14, Name: DisplayName, Value: Microsoft Visual C++ 2019 X64 Minimum Runtime - 14.28.29914
Action ended 4:59:06: WriteRegistryValues. Return value 1.
Action 4:59:06: RegisterUser. Registering user
Action start 4:59:06: RegisterUser.
1:  
Action ended 4:59:06: RegisterUser. Return value 1.
Action 4:59:06: RegisterProduct. Registering product
Action start 4:59:06: RegisterProduct.
1: {455DF12C-7D43-4EFF-AE2F-43C8AF2817A3} 
Action ended 4:59:06: RegisterProduct. Return value 1.
Action 4:59:06: PublishFeatures. Publishing Product Features
Action start 4:59:06: PublishFeatures.
Feature: VC_Runtime_Minimum
Feature: Provider
Feature: Servicing_Key
Action ended 4:59:06: PublishFeatures. Return value 1.
Action 4:59:06: PublishProduct. Publishing product information
Action start 4:59:06: PublishProduct.
1: {455DF12C-7D43-4EFF-AE2F-43C8AF2817A3} 
Action ended 4:59:06: PublishProduct. Return value 1.
Action ended 4:59:06: InstallFinalize. Return value 1.
Action ended 4:59:06: INSTALL. Return value 1.
1: Microsoft Visual C++ 2019 X64 Minimum Runtime - 14.28.29914 2: {455DF12C-7D43-4EFF-AE2F-43C8AF2817A3} 3: 1 
Property(S): UpgradeCode = {36F68A90-239C-34DF-B58C-64B30153CE35}
Property(S): TARGETDIR = C:\
Property(S): System64Folder = C:\windows\system32\
Property(S): SourceDir = C:\ProgramData\Package Cache\{455DF12C-7D43-4EFF-AE2F-43C8AF2817A3}v14.28.29914\packages\vcRuntimeMinimum_amd64\
Property(S): ALLUSERS = 1
Property(S): FILESINUSETEXT = The following applications should be closed before continuing the install:
Property(S): INSTALLLEVEL = 2
Property(S): LIMITUI = 1
Property(S): REBOOT = ReallySuppress
Property(S): REPAIR_REINSTALLMODE = pecmsu
Property(S): ARPSYSTEMCOMPONENT = 1
Property(S): LocProductName = Microsoft Visual C++ 2019 X64 Runtime
Property(S): ProductCPU = amd64
Property(S): ProductEdition = RuntimeMinimum
Property(S): ProductFamily = VC
Property(S): RTM_ProductVersion = 14.28.29914
Property(S): MsiLogging = voicewarmupx
Property(S): Manufacturer = Microsoft Corporation
Property(S): ProductCode = {455DF12C-7D43-4EFF-AE2F-43C8AF2817A3}
Property(S): ProductLanguage = 1033
Property(S): ProductName = Microsoft Visual C++ 2019 X64 Minimum Runtime - 14.28.29914
Property(S): ProductVersion = 14.28.29914
Property(S): DirectoryTable100_amd64 = DirectoryTable
Property(S): SecureCustomProperties = IGNOREDEPENDENCIES;NEWERVCRUNTIMEVERSIONDETECTED;UPGRADEVCRUNTIME
Property(S): AdminUser = 1
Property(S): Privileged = 1
Property(S): MsiRunningElevated = 1
Property(S): CommonAppDataFolder = C:\ProgramData\
Property(S): FavoritesFolder = C:\users\tamas_gere\Favorites\
Property(S): FontsFolder = C:\windows\Fonts\
Property(S): SendToFolder = C:\users\tamas_gere\AppData\Roaming\Microsoft\Windows\SendTo\
Property(S): StartMenuFolder = C:\users\tamas_gere\AppData\Roaming\Microsoft\Windows\Start Menu\
Property(S): StartupFolder = C:\users\tamas_gere\AppData\Roaming\Microsoft\Windows\Start Menu\Programs\StartUp\
Property(S): TemplateFolder = C:\users\tamas_gere\AppData\Roaming\Microsoft\Windows\Templates\
Property(S): DesktopFolder = C:\users\tamas_gere\Desktop\
Property(S): ProgramMenuFolder = C:\users\tamas_gere\AppData\Roaming\Microsoft\Windows\Start Menu\Programs\
Property(S): AdminToolsFolder = C:\users\tamas_gere\AppData\Roaming\Microsoft\Windows\Start Menu\Programs\Administrative Tools\
Property(S): AppDataFolder = C:\users\tamas_gere\AppData\Roaming\
Property(S): SystemFolder = C:\windows\syswow64\
Property(S): System16Folder = C:\windows\system32\
Property(S): LocalAppDataFolder = C:\users\tamas_gere\AppData\Local\
Property(S): MyPicturesFolder = C:\users\tamas_gere\Pictures\
Property(S): PersonalFolder = C:\users\tamas_gere\Documents\
Property(S): WindowsFolder = C:\windows\
Property(S): PrintHoodFolder = C:\users\tamas_gere\AppData\Roaming\Microsoft\Windows\Printer Shortcuts\
Property(S): NetHoodFolder = C:\users\tamas_gere\AppData\Roaming\Microsoft\Windows\Network Shortcuts\
Property(S): RecentFolder = C:\users\tamas_gere\AppData\Roaming\Microsoft\Windows\Recent\
Property(S): PhysicalMemory = 31378
Property(S): WindowsVolume = C:\
Property(S): TempFolder = C:\users\tamas_gere\Temp\
Property(S): VersionNT = 603
Property(S): MsiNTProductType = 1
Property(S): WindowsBuild = 9600
Property(S): ServicePackLevel = 0
Property(S): VersionMsi = 4.5
Property(S): VersionDatabase = 400
Property(S): Intel = 6
Property(S): MsiAMD64 = 6
Property(S): Msix64 = 6
Property(S): VersionNT64 = 603
Property(S): ProgramFiles64Folder = C:\Program Files\
Property(S): ProgramFilesFolder = C:\Program Files (x86)\
Property(S): CommonFiles64Folder = C:\Program Files\Common Files\
Property(S): CommonFilesFolder = C:\Program Files (x86)\Common Files\
Property(S): ScreenX = 1920
Property(S): ScreenY = 1200
Property(S): ColorBits = 32
Property(S): UserSID = S-1-5-21-0-0-0-1000
Property(S): UserLanguageID = 1038
Property(S): SystemLanguageID = 1038
Property(S): ProductState = -1
Property(S): LogonUser = tamas_gere
Property(S): ComputerName = EPHUBUDW06F4
Property(S): UILevel = 2
Property(S): PackageCode = {A40EB573-EBF3-423E-9EBD-52AD176DC8E7}
Property(S): DATABASE = C:\windows\Installer\95cc.msi
Property(S): OriginalDatabase = C:\ProgramData\Package Cache\{455DF12C-7D43-4EFF-AE2F-43C8AF2817A3}v14.28.29914\packages\vcRuntimeMinimum_amd64\vc_runtimeMinimum_x64.msi
Property(S): SOURCEDIR = C:\ProgramData\Package Cache\{455DF12C-7D43-4EFF-AE2F-43C8AF2817A3}v14.28.29914\packages\vcRuntimeMinimum_amd64\
Property(S): MSIFASTINSTALL = 7
Property(S): NOVSUI = 1
Property(S): ACTION = INSTALL
Property(S): EXECUTEACTION = INSTALL
Property(S): CostingComplete = 1
Property(S): ROOTDRIVE = C:\
Property(S): OutOfDiskSpace = 0
Property(S): OutOfNoRbDiskSpace = 0
1: 2 2: 0 
1: 2 2: 1 
Action ended 4:59:06: INSTALL. Return value 1.
