1: 0 2: 1033 3: 1252 
=== Logging started: 2023. 12. 09.  4:59:06 ===
Message type: 0, Argument: 1033, 1252
Message type: 1, Argument: Microsoft Visual C++ 2019 X64 Additional Runtime - 14.28.29914
Action 4:59:06: INSTALL. 
Action start 4:59:06: INSTALL.
1: 0 2: 1033 3: 1252 
1: 0 2: 1033 3: 1252 
=== Logging started: 2023. 12. 09.  4:59:06 ===
Message type: 0, Argument: 1033, 1252
Message type: 1, Argument: Microsoft Visual C++ 2019 X64 Additional Runtime - 14.28.29914
Action 4:59:06: INSTALL. 
Action start 4:59:06: INSTALL.
1: Microsoft Visual C++ 2019 X64 Additional Runtime - 14.28.29914 2: {5A23DBE2-A05C-4A9C-9C17-EA88BF5D7B43} 
Action 4:59:06: FindRelatedProducts. Searching for related applications
Action start 4:59:06: FindRelatedProducts.
Action ended 4:59:06: FindRelatedProducts. Return value 1.
Action 4:59:06: LaunchConditions. Evaluating launch conditions
Action start 4:59:06: LaunchConditions.
Action ended 4:59:06: LaunchConditions. Return value 1.
Action 4:59:06: ValidateProductID. 
Action start 4:59:06: ValidateProductID.
Action ended 4:59:06: ValidateProductID. Return value 1.
Action 4:59:06: CostInitialize. Computing space requirements
Action start 4:59:06: CostInitialize.
Action ended 4:59:06: CostInitialize. Return value 1.
Action 4:59:06: FileCost. Computing space requirements
Action start 4:59:06: FileCost.
Action ended 4:59:06: FileCost. Return value 1.
Action 4:59:06: CostFinalize. Computing space requirements
Action start 4:59:06: CostFinalize.
Action ended 4:59:06: CostFinalize. Return value 1.
Action 4:59:06: InstallValidate. Validating install
Action start 4:59:06: InstallValidate.
Action ended 4:59:06: InstallValidate. Return value 1.
Action 4:59:06: InstallInitialize. 
Action start 4:59:06: InstallInitialize.
Action ended 4:59:06: InstallInitialize. Return value 1.
Action 4:59:06: RemoveExistingProducts. Removing applications
Action start 4:59:06: RemoveExistingProducts.
Action ended 4:59:06: RemoveExistingProducts. Return value 1.
Action 4:59:06: ProcessComponents. Updating component registration
Action start 4:59:06: ProcessComponents.
Action ended 4:59:06: ProcessComponents. Return value 1.
Action 4:59:06: UnpublishFeatures. Unpublishing Product Features
Action start 4:59:06: UnpublishFeatures.
Action ended 4:59:06: UnpublishFeatures. Return value 1.
Action 4:59:06: RemoveRegistryValues. Removing system registry values
Action start 4:59:06: RemoveRegistryValues.
Action ended 4:59:06: RemoveRegistryValues. Return value 1.
Action 4:59:06: RemoveFiles. Removing files
Action start 4:59:06: RemoveFiles.
Action ended 4:59:06: RemoveFiles. Return value 1.
Action 4:59:06: InstallFiles. Copying new files
Action start 4:59:06: InstallFiles.
Action ended 4:59:06: InstallFiles. Return value 1.
Action 4:59:06: WriteRegistryValues. Writing system registry values
Action start 4:59:06: WriteRegistryValues.
Action ended 4:59:06: WriteRegistryValues. Return value 1.
Action 4:59:06: RegisterUser. Registering user
Action start 4:59:06: RegisterUser.
Action ended 4:59:06: RegisterUser. Return value 1.
Action 4:59:06: RegisterProduct. Registering product
Action start 4:59:06: RegisterProduct.
Action ended 4:59:06: RegisterProduct. Return value 1.
Action 4:59:06: PublishFeatures. Publishing Product Features
Action start 4:59:06: PublishFeatures.
Action ended 4:59:06: PublishFeatures. Return value 1.
Action 4:59:06: PublishProduct. Publishing product information
Action start 4:59:06: PublishProduct.
Action ended 4:59:06: PublishProduct. Return value 1.
Action 4:59:06: InstallFinalize. 
Action start 4:59:06: InstallFinalize.
Action 4:59:06: ProcessComponents. Updating component registration
Action start 4:59:06: ProcessComponents.
1: {5A23DBE2-A05C-4A9C-9C17-EA88BF5D7B43} 2: {3639FCCA-5969-316D-AC18-E0C6B2B532E9} 3: 02:\SOFTWARE\Microsoft\VisualStudio\14.0\VC\Runtimes\X64\Version 
1: {5A23DBE2-A05C-4A9C-9C17-EA88BF5D7B43} 2: {D2959D22-4DB7-32AF-A1B0-8405C4221749} 3: 02:\SOFTWARE\Microsoft\VisualStudio\14.0\VC\Runtimes\X64\Version 
1: {5A23DBE2-A05C-4A9C-9C17-EA88BF5D7B43} 2: {99A922E3-648F-3C37-8AE6-78232F317B1E} 3: C:\windows\system32\mfc140.dll 
1: {5A23DBE2-A05C-4A9C-9C17-EA88BF5D7B43} 2: {8924DA15-E863-388D-A06B-E7A3931AD77B} 3: C:\windows\system32\mfc140u.dll 
1: {5A23DBE2-A05C-4A9C-9C17-EA88BF5D7B43} 2: {32252141-0BE5-3AFE-9849-D281CD954D43} 3: C:\windows\system32\mfcm140.dll 
1: {5A23DBE2-A05C-4A9C-9C17-EA88BF5D7B43} 2: {AD221A2C-956B-3F16-8F64-FC938CBFD1C9} 3: C:\windows\system32\mfcm140u.dll 
1: {5A23DBE2-A05C-4A9C-9C17-EA88BF5D7B43} 2: {CA9C8888-CEE6-38D6-A64D-33DA28675281} 3: C:\windows\system32\mfc140chs.dll 
1: {5A23DBE2-A05C-4A9C-9C17-EA88BF5D7B43} 2: {F692B585-1C66-3BD5-AC31-442E4221ED80} 3: C:\windows\system32\mfc140cht.dll 
1: {5A23DBE2-A05C-4A9C-9C17-EA88BF5D7B43} 2: {7F148EE8-E61F-3462-B6D4-E1411A8EC5C9} 3: C:\windows\system32\mfc140deu.dll 
1: {5A23DBE2-A05C-4A9C-9C17-EA88BF5D7B43} 2: {686933F1-9A99-3CD8-A071-2BE11CEA5E99} 3: C:\windows\system32\mfc140enu.dll 
1: {5A23DBE2-A05C-4A9C-9C17-EA88BF5D7B43} 2: {674A4EC5-F732-3C6D-A0FB-289D61963665} 3: C:\windows\system32\mfc140esn.dll 
1: {5A23DBE2-A05C-4A9C-9C17-EA88BF5D7B43} 2: {3A88BA88-2780-3262-A7A9-7A11D3ED9A88} 3: C:\windows\system32\mfc140fra.dll 
1: {5A23DBE2-A05C-4A9C-9C17-EA88BF5D7B43} 2: {8D300AD7-942A-3EDF-AA03-3D442AF99208} 3: C:\windows\system32\mfc140ita.dll 
1: {5A23DBE2-A05C-4A9C-9C17-EA88BF5D7B43} 2: {51C499DB-BD7A-31E9-AAFA-5D0813741B43} 3: C:\windows\system32\mfc140jpn.dll 
1: {5A23DBE2-A05C-4A9C-9C17-EA88BF5D7B43} 2: {C6C22F1F-CEB2-31D6-A2E9-8F124A82428F} 3: C:\windows\system32\mfc140kor.dll 
1: {5A23DBE2-A05C-4A9C-9C17-EA88BF5D7B43} 2: {21B0261D-5191-3D58-9C29-B9232B27D616} 3: C:\windows\system32\mfc140rus.dll 
1: {5A23DBE2-A05C-4A9C-9C17-EA88BF5D7B43} 2: {EA0D3A76-AE46-3F46-B94D-309D5097A125} 3: 02:\SOFTWARE\Microsoft\DevDiv\VC\Servicing\14.0\SP 
1: {5A23DBE2-A05C-4A9C-9C17-EA88BF5D7B43} 2: {225DB27C-EE31-3DF8-B4BB-AC5506C5673A} 3: 02:\SOFTWARE\Microsoft\DevDiv\VC\Servicing\14.0\RuntimeAdditional\Install 
1: {5A23DBE2-A05C-4A9C-9C17-EA88BF5D7B43} 2: {04D1E303-8E0F-36D1-BC1F-E27EE209198A} 3: 02:\SOFTWARE\Microsoft\DevDiv\VC\Servicing\14.0\SP 
1: {5A23DBE2-A05C-4A9C-9C17-EA88BF5D7B43} 2: {ABC89929-9E1E-30F1-A5A6-C685BDDDB7E3} 3: 02:\SOFTWARE\Microsoft\DevDiv\VC\Servicing\14.0\RuntimeAdditional\Install 
1: {5A23DBE2-A05C-4A9C-9C17-EA88BF5D7B43} 2: {610423BB-1113-392F-8B0A-340000E19044} 3: -1:\Software\Classes\Installer\Dependencies\Microsoft.VS.VC_RuntimeAdditionalVSU_amd64,v14\Version 
Action ended 4:59:06: ProcessComponents. Return value 1.
Action 4:59:06: UnpublishFeatures. Unpublishing Product Features
Action start 4:59:06: UnpublishFeatures.
Action ended 4:59:06: UnpublishFeatures. Return value 1.
Action 4:59:06: RemoveRegistryValues. Removing system registry values
Action start 4:59:06: RemoveRegistryValues.
Action ended 4:59:06: RemoveRegistryValues. Return value 1.
Action 4:59:06: RemoveFiles. Removing files
Action start 4:59:06: RemoveFiles.
File: mfc140.dll, Directory: System64Folder
File: mfc140chs.dll, Directory: System64Folder
File: mfc140cht.dll, Directory: System64Folder
File: mfc140deu.dll, Directory: System64Folder
File: mfc140enu.dll, Directory: System64Folder
File: mfc140esn.dll, Directory: System64Folder
File: mfc140fra.dll, Directory: System64Folder
File: mfc140ita.dll, Directory: System64Folder
File: mfc140jpn.dll, Directory: System64Folder
File: mfc140kor.dll, Directory: System64Folder
File: mfc140rus.dll, Directory: System64Folder
File: mfc140u.dll, Directory: System64Folder
File: mfcm140.dll, Directory: System64Folder
File: mfcm140u.dll, Directory: System64Folder
Action ended 4:59:06: RemoveFiles. Return value 1.
Action 4:59:06: InstallFiles. Copying new files
Action start 4:59:06: InstallFiles.
File: mfc140.dll,  Directory: System64Folder,  Size: 5607312
File: mfc140chs.dll,  Directory: System64Folder,  Size: 39816
File: mfc140cht.dll,  Directory: System64Folder,  Size: 39824
File: mfc140deu.dll,  Directory: System64Folder,  Size: 68488
File: mfc140enu.dll,  Directory: System64Folder,  Size: 58768
File: mfc140esn.dll,  Directory: System64Folder,  Size: 67464
File: mfc140fra.dll,  Directory: System64Folder,  Size: 68496
File: mfc140ita.dll,  Directory: System64Folder,  Size: 66424
File: mfc140jpn.dll,  Directory: System64Folder,  Size: 48008
File: mfc140kor.dll,  Directory: System64Folder,  Size: 46968
File: mfc140rus.dll,  Directory: System64Folder,  Size: 64376
File: mfc140u.dll,  Directory: System64Folder,  Size: 5640568
File: mfcm140.dll,  Directory: System64Folder,  Size: 84880
File: mfcm140u.dll,  Directory: System64Folder,  Size: 84880
Action ended 4:59:06: InstallFiles. Return value 1.
Action 4:59:06: WriteRegistryValues. Writing system registry values
Action start 4:59:06: WriteRegistryValues.
Key: HKEY_LOCAL_MACHINE\SOFTWARE\Microsoft\VisualStudio\14.0\VC\Runtimes\X64, Name: Version, Value: v14.28.29914.00
Key: HKEY_LOCAL_MACHINE\SOFTWARE\Microsoft\VisualStudio\14.0\VC\Runtimes\X64, Name: Version, Value: v14.28.29914.00
Key: HKEY_LOCAL_MACHINE\SOFTWARE\Microsoft\DevDiv\VC\Servicing\14.0, Name: SP, Value: 
Key: HKEY_LOCAL_MACHINE\SOFTWARE\Microsoft\DevDiv\VC\Servicing\14.0\RuntimeAdditional, Name: Install, Value: 
Key: HKEY_LOCAL_MACHINE\SOFTWARE\Microsoft\DevDiv\VC\Servicing\14.0, Name: SP, Value: 
Key: HKEY_LOCAL_MACHINE\SOFTWARE\Microsoft\DevDiv\VC\Servicing\14.0\RuntimeAdditional, Name: Install, Value: 
Key: HKEY_LOCAL_MACHINE\Software\Classes\Installer\Dependencies\Microsoft.VS.VC_RuntimeAdditionalVSU_amd64,v14, Name: Version, Value: 14.28.29914
Key: HKEY_LOCAL_MACHINE\SOFTWARE\Microsoft\VisualStudio\14.0\VC\Runtimes\X64, Name: Installed, Value: 
Key: HKEY_LOCAL_MACHINE\SOFTWARE\Microsoft\VisualStudio\14.0\VC\Runtimes\X64, Name: Major, Value: 
Key: HKEY_LOCAL_MACHINE\SOFTWARE\Microsoft\VisualStudio\14.0\VC\Runtimes\X64, Name: Minor, Value: 
Key: HKEY_LOCAL_MACHINE\SOFTWARE\Microsoft\VisualStudio\14.0\VC\Runtimes\X64, Name: Bld, Value: 
Key: HKEY_LOCAL_MACHINE\SOFTWARE\Microsoft\VisualStudio\14.0\VC\Runtimes\X64, Name: Rbld, Value: 
Key: HKEY_LOCAL_MACHINE\SOFTWARE\Microsoft\VisualStudio\14.0\VC\Runtimes\X64, Name: Installed, Value: 
Key: HKEY_LOCAL_MACHINE\SOFTWARE\Microsoft\VisualStudio\14.0\VC\Runtimes\X64, Name: Major, Value: 
Key: HKEY_LOCAL_MACHINE\SOFTWARE\Microsoft\VisualStudio\14.0\VC\Runtimes\X64, Name: Minor, Value: 
Key: HKEY_LOCAL_MACHINE\SOFTWARE\Microsoft\VisualStudio\14.0\VC\Runtimes\X64, Name: Bld, Value: 
Key: HKEY_LOCAL_MACHINE\SOFTWARE\Microsoft\VisualStudio\14.0\VC\Runtimes\X64, Name: Rbld, Value: 
Key: HKEY_LOCAL_MACHINE\SOFTWARE\Microsoft\DevDiv\VC\Servicing\14.0, Name: SPIndex, Value: 
Key: HKEY_LOCAL_MACHINE\SOFTWARE\Microsoft\DevDiv\VC\Servicing\14.0\RuntimeAdditional, Name: InstallerType, Value: MSI
Key: HKEY_LOCAL_MACHINE\SOFTWARE\Microsoft\DevDiv\VC\Servicing\14.0\RuntimeAdditional, Name: SP, Value: 
Key: HKEY_LOCAL_MACHINE\SOFTWARE\Microsoft\DevDiv\VC\Servicing\14.0\RuntimeAdditional, Name: SPIndex, Value: 
Key: HKEY_LOCAL_MACHINE\SOFTWARE\Microsoft\DevDiv\VC\Servicing\14.0\RuntimeAdditional, Name: SPName, Value: RTM
Key: HKEY_LOCAL_MACHINE\SOFTWARE\Microsoft\DevDiv\VC\Servicing\14.0\RuntimeAdditional, Name: Version, Value: 14.28.29914
Key: HKEY_LOCAL_MACHINE\SOFTWARE\Microsoft\DevDiv\VC\Servicing\14.0\RuntimeAdditional, Name: UpdateVersion, Value: 14.28.29914
Key: HKEY_LOCAL_MACHINE\SOFTWARE\Microsoft\DevDiv\VC\Servicing\14.0, Name: SPIndex, Value: 
Key: HKEY_LOCAL_MACHINE\SOFTWARE\Microsoft\DevDiv\VC\Servicing\14.0\RuntimeAdditional, Name: InstallerType, Value: MSI
Key: HKEY_LOCAL_MACHINE\SOFTWARE\Microsoft\DevDiv\VC\Servicing\14.0\RuntimeAdditional, Name: SP, Value: 
Key: HKEY_LOCAL_MACHINE\SOFTWARE\Microsoft\DevDiv\VC\Servicing\14.0\RuntimeAdditional, Name: SPIndex, Value: 
Key: HKEY_LOCAL_MACHINE\SOFTWARE\Microsoft\DevDiv\VC\Servicing\14.0\RuntimeAdditional, Name: SPName, Value: RTM
Key: HKEY_LOCAL_MACHINE\SOFTWARE\Microsoft\DevDiv\VC\Servicing\14.0\RuntimeAdditional, Name: Version, Value: 14.28.29914
Key: HKEY_LOCAL_MACHINE\SOFTWARE\Microsoft\DevDiv\VC\Servicing\14.0\RuntimeAdditional, Name: UpdateVersion, Value: 14.28.29914
Key: HKEY_LOCAL_MACHINE\Software\Classes\Installer\Dependencies\Microsoft.VS.VC_RuntimeAdditionalVSU_amd64,v14, Name: , Value: {5A23DBE2-A05C-4A9C-9C17-EA88BF5D7B43}
Key: HKEY_LOCAL_MACHINE\Software\Classes\Installer\Dependencies\Microsoft.VS.VC_RuntimeAdditionalVSU_amd64,v14, Name: DisplayName, Value: Microsoft Visual C++ 2019 X64 Additional Runtime - 14.28.29914
Action ended 4:59:06: WriteRegistryValues. Return value 1.
Action 4:59:06: RegisterUser. Registering user
Action start 4:59:06: RegisterUser.
1:  
Action ended 4:59:06: RegisterUser. Return value 1.
Action 4:59:06: RegisterProduct. Registering product
Action start 4:59:06: RegisterProduct.
1: {5A23DBE2-A05C-4A9C-9C17-EA88BF5D7B43} 
Action ended 4:59:06: RegisterProduct. Return value 1.
Action 4:59:06: PublishFeatures. Publishing Product Features
Action start 4:59:06: PublishFeatures.
Feature: VC_Runtime_Additional
Feature: Provider
Feature: Servicing_Key
Action ended 4:59:06: PublishFeatures. Return value 1.
Action 4:59:06: PublishProduct. Publishing product information
Action start 4:59:06: PublishProduct.
1: {5A23DBE2-A05C-4A9C-9C17-EA88BF5D7B43} 
Action ended 4:59:06: PublishProduct. Return value 1.
Action ended 4:59:06: InstallFinalize. Return value 1.
Action ended 4:59:06: INSTALL. Return value 1.
1: Microsoft Visual C++ 2019 X64 Additional Runtime - 14.28.29914 2: {5A23DBE2-A05C-4A9C-9C17-EA88BF5D7B43} 3: 1 
Property(S): UpgradeCode = {9B0BAA88-E15F-3A1F-ACC0-B206E9DDF71C}
Property(S): TARGETDIR = C:\
Property(S): System64Folder = C:\windows\system32\
Property(S): SourceDir = C:\ProgramData\Package Cache\{5A23DBE2-A05C-4A9C-9C17-EA88BF5D7B43}v14.28.29914\packages\vcRuntimeAdditional_amd64\
Property(S): ALLUSERS = 1
Property(S): FILESINUSETEXT = The following applications should be closed before continuing the install:
Property(S): INSTALLLEVEL = 2
Property(S): LIMITUI = 1
Property(S): REBOOT = ReallySuppress
Property(S): REPAIR_REINSTALLMODE = pecmsu
Property(S): ARPSYSTEMCOMPONENT = 1
Property(S): LocProductName = Microsoft Visual C++ 2019 X64 Runtime
Property(S): ProductCPU = amd64
Property(S): ProductEdition = Runtime
Property(S): ProductFamily = VC
Property(S): RTM_ProductVersion = 14.28.29914
Property(S): MsiLogging = voicewarmup
Property(S): Manufacturer = Microsoft Corporation
Property(S): ProductCode = {5A23DBE2-A05C-4A9C-9C17-EA88BF5D7B43}
Property(S): ProductLanguage = 1033
Property(S): ProductName = Microsoft Visual C++ 2019 X64 Additional Runtime - 14.28.29914
Property(S): ProductVersion = 14.28.29914
Property(S): DirectoryTable100_amd64 = DirectoryTable
Property(S): SecureCustomProperties = IGNOREDEPENDENCIES;NEWERVCRUNTIMEVERSIONDETECTED;UPGRADEVCRUNTIME
Property(S): AdminUser = 1
Property(S): Privileged = 1
Property(S): MsiRunningElevated = 1
Property(S): CommonAppDataFolder = C:\ProgramData\
Property(S): FavoritesFolder = C:\users\tamas_gere\Favorites\
Property(S): FontsFolder = C:\windows\Fonts\
Property(S): SendToFolder = C:\users\tamas_gere\AppData\Roaming\Microsoft\Windows\SendTo\
Property(S): StartMenuFolder = C:\users\tamas_gere\AppData\Roaming\Microsoft\Windows\Start Menu\
Property(S): StartupFolder = C:\users\tamas_gere\AppData\Roaming\Microsoft\Windows\Start Menu\Programs\StartUp\
Property(S): TemplateFolder = C:\users\tamas_gere\AppData\Roaming\Microsoft\Windows\Templates\
Property(S): DesktopFolder = C:\users\tamas_gere\Desktop\
Property(S): ProgramMenuFolder = C:\users\tamas_gere\AppData\Roaming\Microsoft\Windows\Start Menu\Programs\
Property(S): AdminToolsFolder = C:\users\tamas_gere\AppData\Roaming\Microsoft\Windows\Start Menu\Programs\Administrative Tools\
Property(S): AppDataFolder = C:\users\tamas_gere\AppData\Roaming\
Property(S): SystemFolder = C:\windows\syswow64\
Property(S): System16Folder = C:\windows\system32\
Property(S): LocalAppDataFolder = C:\users\tamas_gere\AppData\Local\
Property(S): MyPicturesFolder = C:\users\tamas_gere\Pictures\
Property(S): PersonalFolder = C:\users\tamas_gere\Documents\
Property(S): WindowsFolder = C:\windows\
Property(S): PrintHoodFolder = C:\users\tamas_gere\AppData\Roaming\Microsoft\Windows\Printer Shortcuts\
Property(S): NetHoodFolder = C:\users\tamas_gere\AppData\Roaming\Microsoft\Windows\Network Shortcuts\
Property(S): RecentFolder = C:\users\tamas_gere\AppData\Roaming\Microsoft\Windows\Recent\
Property(S): PhysicalMemory = 31378
Property(S): WindowsVolume = C:\
Property(S): TempFolder = C:\users\tamas_gere\Temp\
Property(S): VersionNT = 603
Property(S): MsiNTProductType = 1
Property(S): WindowsBuild = 9600
Property(S): ServicePackLevel = 0
Property(S): VersionMsi = 4.5
Property(S): VersionDatabase = 400
Property(S): Intel = 6
Property(S): MsiAMD64 = 6
Property(S): Msix64 = 6
Property(S): VersionNT64 = 603
Property(S): ProgramFiles64Folder = C:\Program Files\
Property(S): ProgramFilesFolder = C:\Program Files (x86)\
Property(S): CommonFiles64Folder = C:\Program Files\Common Files\
Property(S): CommonFilesFolder = C:\Program Files (x86)\Common Files\
Property(S): ScreenX = 1920
Property(S): ScreenY = 1200
Property(S): ColorBits = 32
Property(S): UserSID = S-1-5-21-0-0-0-1000
Property(S): UserLanguageID = 1038
Property(S): SystemLanguageID = 1038
Property(S): ProductState = -1
Property(S): LogonUser = tamas_gere
Property(S): ComputerName = EPHUBUDW06F4
Property(S): UILevel = 2
Property(S): PackageCode = {5A5EAA7E-3EB5-41B4-95D6-3CC2F22A813C}
Property(S): DATABASE = C:\windows\Installer\9635.msi
Property(S): OriginalDatabase = C:\ProgramData\Package Cache\{5A23DBE2-A05C-4A9C-9C17-EA88BF5D7B43}v14.28.29914\packages\vcRuntimeAdditional_amd64\vc_runtimeAdditional_x64.msi
Property(S): SOURCEDIR = C:\ProgramData\Package Cache\{5A23DBE2-A05C-4A9C-9C17-EA88BF5D7B43}v14.28.29914\packages\vcRuntimeAdditional_amd64\
Property(S): MSIFASTINSTALL = 7
Property(S): NOVSUI = 1
Property(S): ACTION = INSTALL
Property(S): EXECUTEACTION = INSTALL
Property(S): CostingComplete = 1
Property(S): ROOTDRIVE = C:\
Property(S): OutOfDiskSpace = 0
Property(S): OutOfNoRbDiskSpace = 0
1: 2 2: 0 
1: 2 2: 1 
Action ended 4:59:06: INSTALL. Return value 1.
