[0154:0158][2023-12-09T04:59:06]i001: Burn v3.10.4.4718, Windows v10.0 (Build 19043: Service Pack 0), path: C:\users\tamas_gere\Temp\{79175921-8442-4791-811E-5FCE3F335B16}\.cr\VC_redist.x64.exe
[0154:0158][2023-12-09T04:59:06]i009: Command Line: '"-burn.clean.room=C:\Program Files\HeidiSQL\VC_redist.x64.exe" -burn.filehandle.attached=164 -burn.filehandle.self=168 /q /norestart /q:a "/c:VC_RED~2.EXE /q:a /c:\"msiexec" /i vcredist.msi /qn '
[0154:0158][2023-12-09T04:59:06]i000: Setting string variable 'WixBundleOriginalSource' to value 'C:\Program Files\HeidiSQL\VC_redist.x64.exe'
[0154:0158][2023-12-09T04:59:06]i000: Setting string variable 'WixBundleOriginalSourceFolder' to value 'C:\Program Files\HeidiSQL\'
[0154:0158][2023-12-09T04:59:06]i000: Setting string variable 'WixBundleLog' to value 'C:\users\tamas_gere\Temp\dd_vcredist_amd64_20231209045906.log'
[0154:0158][2023-12-09T04:59:06]i000: Setting string variable 'WixBundleName' to value 'Microsoft Visual C++ 2015-2019 Redistributable (x64) - 14.28.29914'
[0154:0158][2023-12-09T04:59:06]i000: Setting string variable 'WixBundleManufacturer' to value 'Microsoft Corporation'
[0154:0164][2023-12-09T04:59:06]i000: Setting version variable 'WixBundleFileVersion' to value '14.28.29914.0'
[0154:0158][2023-12-09T04:59:06]i100: Detect begin, 10 packages
[0154:0158][2023-12-09T04:59:06]i000: Setting version variable 'windows_uCRT_DetectKey' to value '10.0.14393.2247'
[0154:0158][2023-12-09T04:59:06]i000: Setting numeric variable 'windows_uCRT_DetectKeyExists' to value 1
[0154:0158][2023-12-09T04:59:06]i052: Condition '(VersionNT = v6.3 AND NOT VersionNT64) AND (windows_uCRT_DetectKeyExists AND windows_uCRT_DetectKey >= v10.0.10240.0)' evaluates to false.
[0154:0158][2023-12-09T04:59:06]i052: Condition '(VersionNT = v6.3 AND VersionNT64) AND (windows_uCRT_DetectKeyExists AND windows_uCRT_DetectKey >= v10.0.10240.0)' evaluates to false.
[0154:0158][2023-12-09T04:59:06]i052: Condition '(VersionNT = v6.2 AND NOT VersionNT64) AND (windows_uCRT_DetectKeyExists AND windows_uCRT_DetectKey >= v10.0.10240.0)' evaluates to false.
[0154:0158][2023-12-09T04:59:06]i052: Condition '(VersionNT = v6.2 AND VersionNT64) AND (windows_uCRT_DetectKeyExists AND windows_uCRT_DetectKey >= v10.0.10240.0)' evaluates to false.
[0154:0158][2023-12-09T04:59:06]i052: Condition '(VersionNT = v6.1 AND NOT VersionNT64) AND (windows_uCRT_DetectKeyExists AND windows_uCRT_DetectKey >= v10.0.10240.0)' evaluates to false.
[0154:0158][2023-12-09T04:59:06]i052: Condition '(VersionNT = v6.1 AND VersionNT64) AND (windows_uCRT_DetectKeyExists AND windows_uCRT_DetectKey >= v10.0.10240.0)' evaluates to false.
[0154:0158][2023-12-09T04:59:06]i052: Condition '(VersionNT = v6.0 AND NOT VersionNT64) AND (windows_uCRT_DetectKeyExists AND windows_uCRT_DetectKey >= v10.0.10240.0)' evaluates to false.
[0154:0158][2023-12-09T04:59:06]i052: Condition '(VersionNT = v6.0 AND VersionNT64) AND (windows_uCRT_DetectKeyExists AND windows_uCRT_DetectKey >= v10.0.10240.0)' evaluates to false.
[0154:0158][2023-12-09T04:59:06]i101: Detected package: Windows81_x86, state: Absent, cached: None
[0154:0158][2023-12-09T04:59:06]i101: Detected package: Windows81_x64, state: Absent, cached: None
[0154:0158][2023-12-09T04:59:06]i101: Detected package: Windows8_x86, state: Absent, cached: None
[0154:0158][2023-12-09T04:59:06]i101: Detected package: Windows8_x64, state: Absent, cached: None
[0154:0158][2023-12-09T04:59:06]i101: Detected package: Windows7_MSU_x86, state: Absent, cached: None
[0154:0158][2023-12-09T04:59:06]i101: Detected package: Windows7_MSU_x64, state: Absent, cached: None
[0154:0158][2023-12-09T04:59:06]i101: Detected package: WindowsVista_MSU_x86, state: Absent, cached: None
[0154:0158][2023-12-09T04:59:06]i101: Detected package: WindowsVista_MSU_x64, state: Absent, cached: None
[0154:0158][2023-12-09T04:59:06]i101: Detected package: vcRuntimeMinimum_x64, state: Absent, cached: None
[0154:0158][2023-12-09T04:59:06]i101: Detected package: vcRuntimeAdditional_x64, state: Absent, cached: None
[0154:0158][2023-12-09T04:59:06]i052: Condition 'VersionNT64 >= v6.0 OR (VersionNT64 = v5.2 AND ServicePackLevel >= 1)' evaluates to true.
[0154:0158][2023-12-09T04:59:06]i199: Detect complete, result: 0x0
[0154:0158][2023-12-09T04:59:06]i200: Plan begin, 10 packages, action: Install
[0154:0158][2023-12-09T04:59:06]i052: Condition 'VersionNT = v6.3 AND NOT VersionNT64' evaluates to false.
[0154:0158][2023-12-09T04:59:06]w321: Skipping dependency registration on package with no dependency providers: Windows81_x86
[0154:0158][2023-12-09T04:59:06]i052: Condition 'VersionNT = v6.3 AND VersionNT64' evaluates to false.
[0154:0158][2023-12-09T04:59:06]w321: Skipping dependency registration on package with no dependency providers: Windows81_x64
[0154:0158][2023-12-09T04:59:06]i052: Condition 'VersionNT = v6.2 AND NOT VersionNT64' evaluates to false.
[0154:0158][2023-12-09T04:59:06]w321: Skipping dependency registration on package with no dependency providers: Windows8_x86
[0154:0158][2023-12-09T04:59:06]i052: Condition 'VersionNT = v6.2 AND VersionNT64' evaluates to false.
[0154:0158][2023-12-09T04:59:06]w321: Skipping dependency registration on package with no dependency providers: Windows8_x64
[0154:0158][2023-12-09T04:59:06]i052: Condition 'VersionNT = v6.1 AND NOT VersionNT64' evaluates to false.
[0154:0158][2023-12-09T04:59:06]w321: Skipping dependency registration on package with no dependency providers: Windows7_MSU_x86
[0154:0158][2023-12-09T04:59:06]i052: Condition 'VersionNT = v6.1 AND VersionNT64' evaluates to false.
[0154:0158][2023-12-09T04:59:06]w321: Skipping dependency registration on package with no dependency providers: Windows7_MSU_x64
[0154:0158][2023-12-09T04:59:06]i052: Condition 'VersionNT = v6.0 AND NOT VersionNT64' evaluates to false.
[0154:0158][2023-12-09T04:59:06]w321: Skipping dependency registration on package with no dependency providers: WindowsVista_MSU_x86
[0154:0158][2023-12-09T04:59:06]i052: Condition 'VersionNT = v6.0 AND VersionNT64' evaluates to false.
[0154:0158][2023-12-09T04:59:06]w321: Skipping dependency registration on package with no dependency providers: WindowsVista_MSU_x64
[0154:0158][2023-12-09T04:59:06]i052: Condition '(VersionNT64)' evaluates to true.
[0154:0158][2023-12-09T04:59:06]i000: Setting string variable 'WixBundleRollbackLog_vcRuntimeMinimum_x64' to value 'C:\users\tamas_gere\Temp\dd_vcredist_amd64_20231209045906_000_vcRuntimeMinimum_x64_rollback.log'
[0154:0158][2023-12-09T04:59:06]i000: Setting string variable 'WixBundleLog_vcRuntimeMinimum_x64' to value 'C:\users\tamas_gere\Temp\dd_vcredist_amd64_20231209045906_000_vcRuntimeMinimum_x64.log'
[0154:0158][2023-12-09T04:59:06]i052: Condition '(VersionNT64)' evaluates to true.
[0154:0158][2023-12-09T04:59:06]i000: Setting string variable 'WixBundleRollbackLog_vcRuntimeAdditional_x64' to value 'C:\users\tamas_gere\Temp\dd_vcredist_amd64_20231209045906_001_vcRuntimeAdditional_x64_rollback.log'
[0154:0158][2023-12-09T04:59:06]i000: Setting string variable 'WixBundleLog_vcRuntimeAdditional_x64' to value 'C:\users\tamas_gere\Temp\dd_vcredist_amd64_20231209045906_001_vcRuntimeAdditional_x64.log'
[0154:0158][2023-12-09T04:59:06]i201: Planned package: Windows81_x86, state: Absent, default requested: Absent, ba requested: Absent, execute: None, rollback: None, cache: No, uncache: No, dependency: None
[0154:0158][2023-12-09T04:59:06]i201: Planned package: Windows81_x64, state: Absent, default requested: Absent, ba requested: Absent, execute: None, rollback: None, cache: No, uncache: No, dependency: None
[0154:0158][2023-12-09T04:59:06]i201: Planned package: Windows8_x86, state: Absent, default requested: Absent, ba requested: Absent, execute: None, rollback: None, cache: No, uncache: No, dependency: None
[0154:0158][2023-12-09T04:59:06]i201: Planned package: Windows8_x64, state: Absent, default requested: Absent, ba requested: Absent, execute: None, rollback: None, cache: No, uncache: No, dependency: None
[0154:0158][2023-12-09T04:59:06]i201: Planned package: Windows7_MSU_x86, state: Absent, default requested: Absent, ba requested: Absent, execute: None, rollback: None, cache: No, uncache: No, dependency: None
[0154:0158][2023-12-09T04:59:06]i201: Planned package: Windows7_MSU_x64, state: Absent, default requested: Absent, ba requested: Absent, execute: None, rollback: None, cache: No, uncache: No, dependency: None
[0154:0158][2023-12-09T04:59:06]i201: Planned package: WindowsVista_MSU_x86, state: Absent, default requested: Absent, ba requested: Absent, execute: None, rollback: None, cache: No, uncache: No, dependency: None
[0154:0158][2023-12-09T04:59:06]i201: Planned package: WindowsVista_MSU_x64, state: Absent, default requested: Absent, ba requested: Absent, execute: None, rollback: None, cache: No, uncache: No, dependency: None
[0154:0158][2023-12-09T04:59:06]i201: Planned package: vcRuntimeMinimum_x64, state: Absent, default requested: Present, ba requested: Present, execute: Install, rollback: Uninstall, cache: Yes, uncache: No, dependency: Register
[0154:0158][2023-12-09T04:59:06]i201: Planned package: vcRuntimeAdditional_x64, state: Absent, default requested: Present, ba requested: Present, execute: Install, rollback: Uninstall, cache: Yes, uncache: No, dependency: Register
[0154:0158][2023-12-09T04:59:06]i299: Plan complete, result: 0x0
[0154:0158][2023-12-09T04:59:06]i300: Apply begin
[0154:0158][2023-12-09T04:59:06]i010: Launching elevated engine process.
[0154:0158][2023-12-09T04:59:06]i011: Launched elevated engine process.
[0154:0158][2023-12-09T04:59:06]i012: Connected to elevated engine.
[016C:0170][2023-12-09T04:59:06]i358: Pausing automatic updates.
[016C:0170][2023-12-09T04:59:06]i359: Paused automatic updates.
[016C:0170][2023-12-09T04:59:06]i360: Creating a system restore point.
[016C:0170][2023-12-09T04:59:06]i361: Created a system restore point.
[016C:0170][2023-12-09T04:59:06]i370: Session begin, registration key: SOFTWARE\Microsoft\Windows\CurrentVersion\Uninstall\{43d1ce82-6f55-4860-a938-20e5deb28b98}, options: 0x7, disable resume: No
[016C:0170][2023-12-09T04:59:06]i000: Caching bundle from: 'C:\users\tamas_gere\Temp\{2F119C4E-FFC9-463F-9287-3E317348BF0F}\.be\VC_redist.x64.exe' to: 'C:\ProgramData\Package Cache\{43d1ce82-6f55-4860-a938-20e5deb28b98}\VC_redist.x64.exe'
[016C:0170][2023-12-09T04:59:06]i320: Registering bundle dependency provider: VC,redist.x64,amd64,14.28,bundle, version: 14.28.29914.0
[016C:0170][2023-12-09T04:59:06]i371: Updating session, registration key: SOFTWARE\Microsoft\Windows\CurrentVersion\Uninstall\{43d1ce82-6f55-4860-a938-20e5deb28b98}, resume: Active, restart initiated: No, disable resume: No
[016C:017C][2023-12-09T04:59:06]i305: Verified acquired payload: vcRuntimeMinimum_x64 at path: C:\ProgramData\Package Cache\.unverified\vcRuntimeMinimum_x64, moving to: C:\ProgramData\Package Cache\{455DF12C-7D43-4EFF-AE2F-43C8AF2817A3}v14.28.29914\packages\vcRuntimeMinimum_amd64\vc_runtimeMinimum_x64.msi.
[016C:017C][2023-12-09T04:59:06]i305: Verified acquired payload: cab5046A8AB272BF37297BB7928664C9503 at path: C:\ProgramData\Package Cache\.unverified\cab5046A8AB272BF37297BB7928664C9503, moving to: C:\ProgramData\Package Cache\{455DF12C-7D43-4EFF-AE2F-43C8AF2817A3}v14.28.29914\packages\vcRuntimeMinimum_amd64\cab1.cab.
[016C:017C][2023-12-09T04:59:06]i305: Verified acquired payload: vcRuntimeAdditional_x64 at path: C:\ProgramData\Package Cache\.unverified\vcRuntimeAdditional_x64, moving to: C:\ProgramData\Package Cache\{5A23DBE2-A05C-4A9C-9C17-EA88BF5D7B43}v14.28.29914\packages\vcRuntimeAdditional_amd64\vc_runtimeAdditional_x64.msi.
[016C:017C][2023-12-09T04:59:06]i305: Verified acquired payload: cab2C04DDC374BD96EB5C8EB8208F2C7C92 at path: C:\ProgramData\Package Cache\.unverified\cab2C04DDC374BD96EB5C8EB8208F2C7C92, moving to: C:\ProgramData\Package Cache\{5A23DBE2-A05C-4A9C-9C17-EA88BF5D7B43}v14.28.29914\packages\vcRuntimeAdditional_amd64\cab1.cab.
[016C:0170][2023-12-09T04:59:06]i301: Applying execute package: vcRuntimeMinimum_x64, action: Install, path: C:\ProgramData\Package Cache\{455DF12C-7D43-4EFF-AE2F-43C8AF2817A3}v14.28.29914\packages\vcRuntimeMinimum_amd64\vc_runtimeMinimum_x64.msi, arguments: ' MSIFASTINSTALL="7" NOVSUI="1"'
[0154:0158][2023-12-09T04:59:06]i319: Applied execute package: vcRuntimeMinimum_x64, result: 0x0, restart: None
[016C:0170][2023-12-09T04:59:06]i325: Registering dependency: {43d1ce82-6f55-4860-a938-20e5deb28b98} on package provider: Microsoft.VS.VC_RuntimeMinimumVSU_amd64,v14, package: vcRuntimeMinimum_x64
[016C:0170][2023-12-09T04:59:06]i301: Applying execute package: vcRuntimeAdditional_x64, action: Install, path: C:\ProgramData\Package Cache\{5A23DBE2-A05C-4A9C-9C17-EA88BF5D7B43}v14.28.29914\packages\vcRuntimeAdditional_amd64\vc_runtimeAdditional_x64.msi, arguments: ' MSIFASTINSTALL="7" NOVSUI="1"'
[0154:0158][2023-12-09T04:59:06]i319: Applied execute package: vcRuntimeAdditional_x64, result: 0x0, restart: None
[016C:0170][2023-12-09T04:59:06]i325: Registering dependency: {43d1ce82-6f55-4860-a938-20e5deb28b98} on package provider: Microsoft.VS.VC_RuntimeAdditionalVSU_amd64,v14, package: vcRuntimeAdditional_x64
[016C:0170][2023-12-09T04:59:06]i372: Session end, registration key: SOFTWARE\Microsoft\Windows\CurrentVersion\Uninstall\{43d1ce82-6f55-4860-a938-20e5deb28b98}, resume: ARP, restart: None, disable resume: No
[016C:0170][2023-12-09T04:59:06]i371: Updating session, registration key: SOFTWARE\Microsoft\Windows\CurrentVersion\Uninstall\{43d1ce82-6f55-4860-a938-20e5deb28b98}, resume: ARP, restart initiated: No, disable resume: No
[0154:0158][2023-12-09T04:59:06]i399: Apply complete, result: 0x0, restart: None, ba requested restart:  No
[0154:0158][2023-12-09T04:59:06]i500: Shutting down, exit code: 0x0
[0154:0158][2023-12-09T04:59:06]i410: Variable: SystemFolder = C:\windows\system32\
[0154:0158][2023-12-09T04:59:06]i410: Variable: VersionNT = 10.0.0.0
[0154:0158][2023-12-09T04:59:06]i410: Variable: VersionNT64 = 10.0.0.0
[0154:0158][2023-12-09T04:59:06]i410: Variable: windows_uCRT_DetectKey = 10.0.14393.2247
[0154:0158][2023-12-09T04:59:06]i410: Variable: windows_uCRT_DetectKeyExists = 1
[0154:0158][2023-12-09T04:59:06]i410: Variable: WixBundleAction = 5
[0154:0158][2023-12-09T04:59:06]i410: Variable: WixBundleElevated = 1
[0154:0158][2023-12-09T04:59:06]i410: Variable: WixBundleFileVersion = 14.28.29914.0
[0154:0158][2023-12-09T04:59:06]i410: Variable: WixBundleInstalled = 0
[0154:0158][2023-12-09T04:59:06]i410: Variable: WixBundleLog = C:\users\tamas_gere\Temp\dd_vcredist_amd64_20231209045906.log
[0154:0158][2023-12-09T04:59:06]i410: Variable: WixBundleLog_vcRuntimeAdditional_x64 = C:\users\tamas_gere\Temp\dd_vcredist_amd64_20231209045906_001_vcRuntimeAdditional_x64.log
[0154:0158][2023-12-09T04:59:06]i410: Variable: WixBundleLog_vcRuntimeMinimum_x64 = C:\users\tamas_gere\Temp\dd_vcredist_amd64_20231209045906_000_vcRuntimeMinimum_x64.log
[0154:0158][2023-12-09T04:59:06]i410: Variable: WixBundleManufacturer = Microsoft Corporation
[0154:0158][2023-12-09T04:59:06]i410: Variable: WixBundleName = Microsoft Visual C++ 2015-2019 Redistributable (x64) - 14.28.29914
[0154:0158][2023-12-09T04:59:06]i410: Variable: WixBundleOriginalSource = C:\Program Files\HeidiSQL\VC_redist.x64.exe
[0154:0158][2023-12-09T04:59:06]i410: Variable: WixBundleOriginalSourceFolder = C:\Program Files\HeidiSQL\
[0154:0158][2023-12-09T04:59:06]i410: Variable: WixBundleProviderKey = VC,redist.x64,amd64,14.28,bundle
[0154:0158][2023-12-09T04:59:06]i410: Variable: WixBundleRollbackLog_vcRuntimeAdditional_x64 = C:\users\tamas_gere\Temp\dd_vcredist_amd64_20231209045906_001_vcRuntimeAdditional_x64_rollback.log
[0154:0158][2023-12-09T04:59:06]i410: Variable: WixBundleRollbackLog_vcRuntimeMinimum_x64 = C:\users\tamas_gere\Temp\dd_vcredist_amd64_20231209045906_000_vcRuntimeMinimum_x64_rollback.log
[0154:0158][2023-12-09T04:59:06]i410: Variable: WixBundleSourceProcessFolder = C:\Program Files\HeidiSQL\
[0154:0158][2023-12-09T04:59:06]i410: Variable: WixBundleSourceProcessPath = C:\Program Files\HeidiSQL\VC_redist.x64.exe
[0154:0158][2023-12-09T04:59:06]i410: Variable: WixBundleTag = 
[0154:0158][2023-12-09T04:59:06]i410: Variable: WixBundleVersion = 14.28.29914.0
[0154:0158][2023-12-09T04:59:06]i007: Exit code: 0x0, restarting: No
